#
# There is insufficient memory for the Java Runtime Environment to continue.
# Native memory allocation (mmap) failed to map 76546048 bytes for committing reserved memory.
# Possible reasons:
#   The system is out of physical RAM or swap space
#   In 32 bit mode, the process size limit was hit
# Possible solutions:
#   Reduce memory load on the system
#   Increase physical memory or swap space
#   Check if swap backing store is full
#   Use 64 bit Java on a 64 bit OS
#   Decrease Java heap size (-Xmx/-Xms)
#   Decrease number of Java threads
#   Decrease Java thread stack sizes (-Xss)
#   Set larger code cache with -XX:ReservedCodeCacheSize=
# This output file may be truncated or incomplete.
#
#  Out of Memory Error (os_linux.cpp:2627), pid=21215, tid=139954696484608
#
# JRE version: Java(TM) SE Runtime Environment (8.0_65-b17) (build 1.8.0_65-b17)
# Java VM: Java HotSpot(TM) 64-Bit Server VM (25.65-b01 mixed mode linux-amd64 compressed oops)
# Failed to write core dump. Core dumps have been disabled. To enable core dumping, try "ulimit -c unlimited" before starting Java again
#

---------------  T H R E A D  ---------------

Current thread (0x00007f49d0075800):  VMThread [stack: 0x00007f49bde7f000,0x00007f49bdf80000] [id=21227]

Stack: [0x00007f49bde7f000,0x00007f49bdf80000],  sp=0x00007f49bdf7e040,  free space=1020k
Native frames: (J=compiled Java code, j=interpreted, Vv=VM code, C=native code)
V  [libjvm.so+0xab97ea]  VMError::report_and_die()+0x2ba
V  [libjvm.so+0x4f9dcb]  report_vm_out_of_memory(char const*, int, unsigned long, VMErrorType, char const*)+0x8b
V  [libjvm.so+0x91a7c3]  os::Linux::commit_memory_impl(char*, unsigned long, bool)+0x103
V  [libjvm.so+0x91ad19]  os::pd_commit_memory(char*, unsigned long, unsigned long, bool)+0x29
V  [libjvm.so+0x91502a]  os::commit_memory(char*, unsigned long, unsigned long, bool)+0x2a
V  [libjvm.so+0x9886d3]  PSVirtualSpace::expand_by(unsigned long)+0x53
V  [libjvm.so+0x989ad8]  PSYoungGen::resize_generation(unsigned long, unsigned long)+0xf8
V  [libjvm.so+0x988c32]  PSYoungGen::resize(unsigned long, unsigned long)+0x22
V  [libjvm.so+0x985f0b]  PSScavenge::invoke_no_policy()+0xf3b
V  [libjvm.so+0x9811b5]  PSParallelCompact::invoke(bool)+0x85
V  [libjvm.so+0x480fb4]  CollectedHeap::collect_as_vm_thread(GCCause::Cause)+0x114
V  [libjvm.so+0xabac61]  VM_CollectForMetadataAllocation::doit()+0x161
V  [libjvm.so+0xac2c35]  VM_Operation::evaluate()+0x55
V  [libjvm.so+0xac100a]  VMThread::evaluate_operation(VM_Operation*)+0xba
V  [libjvm.so+0xac138e]  VMThread::loop()+0x1ce
V  [libjvm.so+0xac1800]  VMThread::run()+0x70
V  [libjvm.so+0x91cb88]  java_start(Thread*)+0x108

VM_Operation (0x00007f498fdf9ec0): CollectForMetadataAllocation, mode: safepoint, requested by thread 0x00007f49d0875000


---------------  P R O C E S S  ---------------

Java Threads: ( => current thread )
  0x0000000002258800 JavaThread "Abandoned connection cleanup thread" daemon [_thread_blocked, id=21262, stack(0x00007f498f8fb000,0x00007f498f9fc000)]
  0x00007f49d0867000 JavaThread "C3P0PooledConnectionPoolManager[identityToken->z8kfsx9gxq973k1ll6b8n|383bfa16]-HelperThread-#2" daemon [_thread_blocked, id=21261, stack(0x00007f498fbfc000,0x00007f498fcfd000)]
  0x00007f49d0875000 JavaThread "C3P0PooledConnectionPoolManager[identityToken->z8kfsx9gxq973k1ll6b8n|383bfa16]-HelperThread-#1" daemon [_thread_blocked, id=21260, stack(0x00007f498fcfd000,0x00007f498fdfe000)]
  0x00007f49d087f000 JavaThread "C3P0PooledConnectionPoolManager[identityToken->z8kfsx9gxq973k1ll6b8n|383bfa16]-HelperThread-#0" daemon [_thread_blocked, id=21259, stack(0x00007f498fdfe000,0x00007f498feff000)]
  0x00007f49d0869000 JavaThread "C3P0PooledConnectionPoolManager[identityToken->z8kfsx9gxq973k1ll6b8n|383bfa16]-AdminTaskTimer" daemon [_thread_blocked, id=21258, stack(0x00007f498feff000,0x00007f4990000000)]
  0x00007f49d03c5800 JavaThread "ReaderThread" [_thread_in_native, id=21236, stack(0x00007f49bce48000,0x00007f49bcf49000)]
  0x00007f49d00c3800 JavaThread "Service Thread" daemon [_thread_blocked, id=21234, stack(0x00007f49bd40d000,0x00007f49bd50e000)]
  0x00007f49d00b7000 JavaThread "C1 CompilerThread1" daemon [_thread_blocked, id=21233, stack(0x00007f49bd50e000,0x00007f49bd60f000)]
  0x00007f49d00b4000 JavaThread "C2 CompilerThread0" daemon [_thread_blocked, id=21232, stack(0x00007f49bd60f000,0x00007f49bd710000)]
  0x00007f49d00b2800 JavaThread "Signal Dispatcher" daemon [_thread_blocked, id=21231, stack(0x00007f49bd710000,0x00007f49bd811000)]
  0x00007f49d007c800 JavaThread "Finalizer" daemon [_thread_blocked, id=21229, stack(0x00007f49bdc7d000,0x00007f49bdd7e000)]
  0x00007f49d007a800 JavaThread "Reference Handler" daemon [_thread_blocked, id=21228, stack(0x00007f49bdd7e000,0x00007f49bde7f000)]
  0x00007f49d000c000 JavaThread "main" [_thread_blocked, id=21224, stack(0x00007f49d7b6a000,0x00007f49d7c6b000)]

Other Threads:
=>0x00007f49d0075800 VMThread [stack: 0x00007f49bde7f000,0x00007f49bdf80000] [id=21227]
  0x00007f49d00c6800 WatcherThread [stack: 0x00007f49bd30c000,0x00007f49bd40d000] [id=21235]

VM state:at safepoint (normal execution)

VM Mutex/Monitor currently owned by a thread:  ([mutex/lock_event])
[0x00007f49d0008440] Threads_lock - owner thread: 0x00007f49d0075800
[0x00007f49d0008940] Heap_lock - owner thread: 0x00007f49d0875000

Heap:
 PSYoungGen      total 66048K, used 2528K [0x00000000eb980000, 0x00000000efc80000, 0x0000000100000000)
  eden space 63488K, 0% used [0x00000000eb980000,0x00000000eb980000,0x00000000ef780000)
  from space 2560K, 98% used [0x00000000ef780000,0x00000000ef9f8040,0x00000000efa00000)
  to   space 2560K, 0% used [0x00000000efa00000,0x00000000efa00000,0x00000000efc80000)
 ParOldGen       total 42496K, used 9938K [0x00000000c2c00000, 0x00000000c5580000, 0x00000000eb980000)
  object space 42496K, 23% used [0x00000000c2c00000,0x00000000c35b49d8,0x00000000c5580000)
 Metaspace       used 20910K, capacity 21080K, committed 21296K, reserved 1069056K
  class space    used 2584K, capacity 2624K, committed 2688K, reserved 1048576K

Card table byte_map: [0x00007f49d474c000,0x00007f49d4937000] byte_map_base: 0x00007f49d4136000

Marking Bits: (ParMarkBitMap*) 0x00007f49d7045de0
 Begin Bits: [0x00007f49bf160000, 0x00007f49c00b0000)
 End Bits:   [0x00007f49c00b0000, 0x00007f49c1000000)

Polling page: 0x00007f49d7c8d000

CodeCache: size=245760Kb used=5579Kb max_used=5579Kb free=240180Kb
 bounds [0x00007f49c1000000, 0x00007f49c1580000, 0x00007f49d0000000]
 total_blobs=1951 nmethods=1546 adapters=320
 compilation: enabled

Compilation events (10 events):
Event: 8.924 Thread 0x00007f49d00b7000 1547       3       java.lang.reflect.Method::invoke (62 bytes)
Event: 8.925 Thread 0x00007f49d00b7000 nmethod 1547 0x00007f49c156a510 code [0x00007f49c156a6e0, 0x00007f49c156ac48]
Event: 8.926 Thread 0x00007f49d00b7000 1548       3       sun.reflect.DelegatingMethodAccessorImpl::invoke (10 bytes)
Event: 8.926 Thread 0x00007f49d00b7000 nmethod 1548 0x00007f49c15712d0 code [0x00007f49c1571440, 0x00007f49c1571668]
Event: 8.928 Thread 0x00007f49d00b7000 1549       3       sun.reflect.ReflectionFactory::checkInitted (19 bytes)
Event: 8.928 Thread 0x00007f49d00b7000 nmethod 1549 0x00007f49c1570d90 code [0x00007f49c1570f20, 0x00007f49c15711e8]
Event: 9.050 Thread 0x00007f49d00b7000 1550       1       java.nio.charset.CharsetDecoder::malformedInputAction (5 bytes)
Event: 9.051 Thread 0x00007f49d00b7000 nmethod 1550 0x00007f49c1570310 code [0x00007f49c1570460, 0x00007f49c1570570]
Event: 9.051 Thread 0x00007f49d00b7000 1551       1       java.nio.charset.CharsetDecoder::replacement (5 bytes)
Event: 9.051 Thread 0x00007f49d00b7000 nmethod 1551 0x00007f49c1570050 code [0x00007f49c15701a0, 0x00007f49c15702b0]

GC Heap History (9 events):
Event: 1.104 GC heap before
{Heap before GC invocations=1 (full 0):
 PSYoungGen      total 18432K, used 15850K [0x00000000eb980000, 0x00000000ece00000, 0x0000000100000000)
  eden space 15872K, 99% used [0x00000000eb980000,0x00000000ec8fa8b0,0x00000000ec900000)
  from space 2560K, 0% used [0x00000000ecb80000,0x00000000ecb80000,0x00000000ece00000)
  to   space 2560K, 0% used [0x00000000ec900000,0x00000000ec900000,0x00000000ecb80000)
 ParOldGen       total 42496K, used 0K [0x00000000c2c00000, 0x00000000c5580000, 0x00000000eb980000)
  object space 42496K, 0% used [0x00000000c2c00000,0x00000000c2c00000,0x00000000c5580000)
 Metaspace       used 6184K, capacity 6330K, committed 6400K, reserved 1056768K
  class space    used 700K, capacity 724K, committed 768K, reserved 1048576K
Event: 1.119 GC heap after
Heap after GC invocations=1 (full 0):
 PSYoungGen      total 18432K, used 1850K [0x00000000eb980000, 0x00000000edd80000, 0x0000000100000000)
  eden space 15872K, 0% used [0x00000000eb980000,0x00000000eb980000,0x00000000ec900000)
  from space 2560K, 72% used [0x00000000ec900000,0x00000000ecacea00,0x00000000ecb80000)
  to   space 2560K, 0% used [0x00000000edb00000,0x00000000edb00000,0x00000000edd80000)
 ParOldGen       total 42496K, used 8K [0x00000000c2c00000, 0x00000000c5580000, 0x00000000eb980000)
  object space 42496K, 0% used [0x00000000c2c00000,0x00000000c2c02000,0x00000000c5580000)
 Metaspace       used 6184K, capacity 6330K, committed 6400K, reserved 1056768K
  class space    used 700K, capacity 724K, committed 768K, reserved 1048576K
}
Event: 1.484 GC heap before
{Heap before GC invocations=2 (full 0):
 PSYoungGen      total 18432K, used 17722K [0x00000000eb980000, 0x00000000edd80000, 0x0000000100000000)
  eden space 15872K, 100% used [0x00000000eb980000,0x00000000ec900000,0x00000000ec900000)
  from space 2560K, 72% used [0x00000000ec900000,0x00000000ecacea00,0x00000000ecb80000)
  to   space 2560K, 0% used [0x00000000edb00000,0x00000000edb00000,0x00000000edd80000)
 ParOldGen       total 42496K, used 8K [0x00000000c2c00000, 0x00000000c5580000, 0x00000000eb980000)
  object space 42496K, 0% used [0x00000000c2c00000,0x00000000c2c02000,0x00000000c5580000)
 Metaspace       used 7586K, capacity 7740K, committed 7936K, reserved 1056768K
  class space    used 881K, capacity 918K, committed 1024K, reserved 1048576K
Event: 1.491 GC heap after
Heap after GC invocations=2 (full 0):
 PSYoungGen      total 34304K, used 2373K [0x00000000eb980000, 0x00000000edd80000, 0x0000000100000000)
  eden space 31744K, 0% used [0x00000000eb980000,0x00000000eb980000,0x00000000ed880000)
  from space 2560K, 92% used [0x00000000edb00000,0x00000000edd51740,0x00000000edd80000)
  to   space 2560K, 0% used [0x00000000ed880000,0x00000000ed880000,0x00000000edb00000)
 ParOldGen       total 42496K, used 16K [0x00000000c2c00000, 0x00000000c5580000, 0x00000000eb980000)
  object space 42496K, 0% used [0x00000000c2c00000,0x00000000c2c04000,0x00000000c5580000)
 Metaspace       used 7586K, capacity 7740K, committed 7936K, reserved 1056768K
  class space    used 881K, capacity 918K, committed 1024K, reserved 1048576K
}
Event: 2.706 GC heap before
{Heap before GC invocations=3 (full 0):
 PSYoungGen      total 34304K, used 34117K [0x00000000eb980000, 0x00000000edd80000, 0x0000000100000000)
  eden space 31744K, 100% used [0x00000000eb980000,0x00000000ed880000,0x00000000ed880000)
  from space 2560K, 92% used [0x00000000edb00000,0x00000000edd51740,0x00000000edd80000)
  to   space 2560K, 0% used [0x00000000ed880000,0x00000000ed880000,0x00000000edb00000)
 ParOldGen       total 42496K, used 16K [0x00000000c2c00000, 0x00000000c5580000, 0x00000000eb980000)
  object space 42496K, 0% used [0x00000000c2c00000,0x00000000c2c04000,0x00000000c5580000)
 Metaspace       used 13362K, capacity 13504K, committed 13696K, reserved 1060864K
  class space    used 1558K, capacity 1596K, committed 1664K, reserved 1048576K
Event: 2.723 GC heap after
Heap after GC invocations=3 (full 0):
 PSYoungGen      total 34304K, used 2550K [0x00000000eb980000, 0x00000000efc80000, 0x0000000100000000)
  eden space 31744K, 0% used [0x00000000eb980000,0x00000000eb980000,0x00000000ed880000)
  from space 2560K, 99% used [0x00000000ed880000,0x00000000edafd848,0x00000000edb00000)
  to   space 2560K, 0% used [0x00000000efa00000,0x00000000efa00000,0x00000000efc80000)
 ParOldGen       total 42496K, used 2773K [0x00000000c2c00000, 0x00000000c5580000, 0x00000000eb980000)
  object space 42496K, 6% used [0x00000000c2c00000,0x00000000c2eb56a8,0x00000000c5580000)
 Metaspace       used 13362K, capacity 13504K, committed 13696K, reserved 1060864K
  class space    used 1558K, capacity 1596K, committed 1664K, reserved 1048576K
}
Event: 4.123 GC heap before
{Heap before GC invocations=4 (full 0):
 PSYoungGen      total 34304K, used 34294K [0x00000000eb980000, 0x00000000efc80000, 0x0000000100000000)
  eden space 31744K, 100% used [0x00000000eb980000,0x00000000ed880000,0x00000000ed880000)
  from space 2560K, 99% used [0x00000000ed880000,0x00000000edafd848,0x00000000edb00000)
  to   space 2560K, 0% used [0x00000000efa00000,0x00000000efa00000,0x00000000efc80000)
 ParOldGen       total 42496K, used 2773K [0x00000000c2c00000, 0x00000000c5580000, 0x00000000eb980000)
  object space 42496K, 6% used [0x00000000c2c00000,0x00000000c2eb56a8,0x00000000c5580000)
 Metaspace       used 17556K, capacity 17740K, committed 18048K, reserved 1064960K
  class space    used 2060K, capacity 2110K, committed 2176K, reserved 1048576K
Event: 4.197 GC heap after
Heap after GC invocations=4 (full 0):
 PSYoungGen      total 66048K, used 2528K [0x00000000eb980000, 0x00000000efc80000, 0x0000000100000000)
  eden space 63488K, 0% used [0x00000000eb980000,0x00000000eb980000,0x00000000ef780000)
  from space 2560K, 98% used [0x00000000efa00000,0x00000000efc78040,0x00000000efc80000)
  to   space 2560K, 0% used [0x00000000ef780000,0x00000000ef780000,0x00000000efa00000)
 ParOldGen       total 42496K, used 6637K [0x00000000c2c00000, 0x00000000c5580000, 0x00000000eb980000)
  object space 42496K, 15% used [0x00000000c2c00000,0x00000000c327b5a0,0x00000000c5580000)
 Metaspace       used 17556K, capacity 17740K, committed 18048K, reserved 1064960K
  class space    used 2060K, capacity 2110K, committed 2176K, reserved 1048576K
}
Event: 9.065 GC heap before
{Heap before GC invocations=5 (full 0):
 PSYoungGen      total 66048K, used 32794K [0x00000000eb980000, 0x00000000efc80000, 0x0000000100000000)
  eden space 63488K, 47% used [0x00000000eb980000,0x00000000ed70e858,0x00000000ef780000)
  from space 2560K, 98% used [0x00000000efa00000,0x00000000efc78040,0x00000000efc80000)
  to   space 2560K, 0% used [0x00000000ef780000,0x00000000ef780000,0x00000000efa00000)
 ParOldGen       total 42496K, used 6637K [0x00000000c2c00000, 0x00000000c5580000, 0x00000000eb980000)
  object space 42496K, 15% used [0x00000000c2c00000,0x00000000c327b5a0,0x00000000c5580000)
 Metaspace       used 20910K, capacity 21080K, committed 21296K, reserved 1069056K
  class space    used 2584K, capacity 2624K, committed 2688K, reserved 1048576K

Deoptimization events (10 events):
Event: 2.242 Thread 0x00007f49d000c000 Uncommon trap: reason=class_check action=maybe_recompile pc=0x00007f49c1348f98 method=java.util.HashMap.putVal(ILjava/lang/Object;Ljava/lang/Object;ZZ)Ljava/lang/Object; @ 253
Event: 2.243 Thread 0x00007f49d000c000 Uncommon trap: reason=class_check action=maybe_recompile pc=0x00007f49c1348f98 method=java.util.HashMap.putVal(ILjava/lang/Object;Ljava/lang/Object;ZZ)Ljava/lang/Object; @ 253
Event: 2.727 Thread 0x00007f49d000c000 Uncommon trap: reason=unstable_if action=reinterpret pc=0x00007f49c13611bc method=org.springframework.asm.ClassReader.readUTF8(I[C)Ljava/lang/String; @ 7
Event: 2.940 Thread 0x00007f49d000c000 Uncommon trap: reason=range_check action=make_not_entrant pc=0x00007f49c129b0c0 method=sun.reflect.generics.parser.SignatureParser.current()C @ 34
Event: 3.541 Thread 0x00007f49d000c000 Uncommon trap: reason=class_check action=maybe_recompile pc=0x00007f49c1396e38 method=java.util.HashMap.putVal(ILjava/lang/Object;Ljava/lang/Object;ZZ)Ljava/lang/Object; @ 203
Event: 3.558 Thread 0x00007f49d000c000 Uncommon trap: reason=class_check action=maybe_recompile pc=0x00007f49c1396e38 method=java.util.HashMap.putVal(ILjava/lang/Object;Ljava/lang/Object;ZZ)Ljava/lang/Object; @ 203
Event: 3.609 Thread 0x00007f49d000c000 Uncommon trap: reason=unstable_if action=reinterpret pc=0x00007f49c1228200 method=java.util.HashMap.hash(Ljava/lang/Object;)I @ 1
Event: 3.611 Thread 0x00007f49d000c000 Uncommon trap: reason=unstable_if action=reinterpret pc=0x00007f49c146d95c method=java.util.HashMap.hash(Ljava/lang/Object;)I @ 1
Event: 9.036 Thread 0x00007f49d0867000 Uncommon trap: reason=unstable_if action=reinterpret pc=0x00007f49c123af4c method=java.lang.AbstractStringBuilder.append(Ljava/lang/String;)Ljava/lang/AbstractStringBuilder; @ 1
Event: 9.045 Thread 0x00007f49d0875000 Uncommon trap: reason=unstable_if action=reinterpret pc=0x00007f49c120e13c method=sun.nio.cs.UTF_8$Decoder.decode([BII[C)I @ 30

Internal exceptions (10 events):
Event: 4.471 Thread 0x00007f49d000c000 Exception <a 'java/lang/ClassNotFoundException': org/hibernate/cfg/DefaultNamingStrategyCustomizer> (0x00000000ebbd96b8) thrown at [/HUDSON/workspace/8-2-build-linux-amd64/jdk8u65/4987/hotspot/src/share/vm/classfile/systemDictionary.cpp, line 210]
Event: 8.832 Thread 0x00007f49d000c000 Exception <a 'java/lang/ClassNotFoundException': com/mchange/v2/c3p0/WrapperConnectionPoolDataSourceBeanInfo> (0x00000000ed250490) thrown at [/HUDSON/workspace/8-2-build-linux-amd64/jdk8u65/4987/hotspot/src/share/vm/classfile/systemDictionary.cpp, line 21
Event: 8.833 Thread 0x00007f49d000c000 Exception <a 'java/lang/ClassNotFoundException': com/mchange/v2/c3p0/impl/WrapperConnectionPoolDataSourceBaseBeanInfo> (0x00000000ed2682f0) thrown at [/HUDSON/workspace/8-2-build-linux-amd64/jdk8u65/4987/hotspot/src/share/vm/classfile/systemDictionary.cpp
Event: 8.834 Thread 0x00007f49d000c000 Exception <a 'java/lang/ClassNotFoundException': com/mchange/v2/c3p0/impl/WrapperConnectionPoolDataSourceBaseCustomizer> (0x00000000ed2806e0) thrown at [/HUDSON/workspace/8-2-build-linux-amd64/jdk8u65/4987/hotspot/src/share/vm/classfile/systemDictionary.c
Event: 8.852 Thread 0x00007f49d000c000 Exception <a 'java/lang/ClassNotFoundException': com/mchange/v2/c3p0/WrapperConnectionPoolDataSourceCustomizer> (0x00000000ed3077e0) thrown at [/HUDSON/workspace/8-2-build-linux-amd64/jdk8u65/4987/hotspot/src/share/vm/classfile/systemDictionary.cpp, line 
Event: 8.855 Thread 0x00007f49d000c000 Exception <a 'java/lang/ClassNotFoundException': com/mchange/v2/c3p0/DriverManagerDataSourceBeanInfo> (0x00000000ed330560) thrown at [/HUDSON/workspace/8-2-build-linux-amd64/jdk8u65/4987/hotspot/src/share/vm/classfile/systemDictionary.cpp, line 210]
Event: 8.856 Thread 0x00007f49d000c000 Exception <a 'java/lang/ClassNotFoundException': com/mchange/v2/c3p0/impl/DriverManagerDataSourceBaseBeanInfo> (0x00000000ed346ab8) thrown at [/HUDSON/workspace/8-2-build-linux-amd64/jdk8u65/4987/hotspot/src/share/vm/classfile/systemDictionary.cpp, line 2
Event: 8.857 Thread 0x00007f49d000c000 Exception <a 'java/lang/ClassNotFoundException': com/mchange/v2/c3p0/impl/DriverManagerDataSourceBaseCustomizer> (0x00000000ed35d3c8) thrown at [/HUDSON/workspace/8-2-build-linux-amd64/jdk8u65/4987/hotspot/src/share/vm/classfile/systemDictionary.cpp, line
Event: 8.859 Thread 0x00007f49d000c000 Exception <a 'java/lang/ClassNotFoundException': com/mchange/v2/c3p0/DriverManagerDataSourceCustomizer> (0x00000000ed38acc8) thrown at [/HUDSON/workspace/8-2-build-linux-amd64/jdk8u65/4987/hotspot/src/share/vm/classfile/systemDictionary.cpp, line 210]
Event: 9.036 Thread 0x00007f49d0867000 Implicit null exception at 0x00007f49c123abf5 to 0x00007f49c123af39

Events (10 events):
Event: 9.044 loading class java/nio/charset/IllegalCharsetNameException done
Event: 9.044 loading class java/nio/charset/UnsupportedCharsetException
Event: 9.044 loading class java/nio/charset/UnsupportedCharsetException done
Event: 9.045 Thread 0x00007f49d0875000 Uncommon trap: trap_request=0xffffff65 fr.pc=0x00007f49c120e13c
Event: 9.045 Thread 0x00007f49d0875000 DEOPT PACKING pc=0x00007f49c120e13c sp=0x00007f498fdfb500
Event: 9.045 Thread 0x00007f49d0875000 DEOPT UNPACKING pc=0x00007f49c1004f69 sp=0x00007f498fdfb478 mode 2
Event: 9.057 loading class java/math/MathContext
Event: 9.058 loading class java/math/MathContext done
Event: 9.059 loading class java/net/URLDecoder
Event: 9.062 Executing VM operation: CollectForMetadataAllocation


Dynamic libraries:
00400000-00401000 r-xp 00000000 08:04 801408                             /usr/java/jdk1.8.0_65/bin/java
00600000-00601000 rw-p 00000000 08:04 801408                             /usr/java/jdk1.8.0_65/bin/java
02231000-02276000 rw-p 00000000 00:00 0                                  [heap]
c2c00000-c5580000 rw-p 00000000 00:00 0 
c5580000-eb980000 ---p 00000000 00:00 0 
eb980000-efc80000 rw-p 00000000 00:00 0 
f4580000-100000000 ---p 00000000 00:00 0 
100000000-1002a0000 rw-p 00000000 00:00 0 
1002a0000-140000000 ---p 00000000 00:00 0 
7f4980000000-7f4980021000 rw-p 00000000 00:00 0 
7f4980021000-7f4984000000 ---p 00000000 00:00 0 
7f4984000000-7f4984061000 rw-p 00000000 00:00 0 
7f4984061000-7f4988000000 ---p 00000000 00:00 0 
7f4988000000-7f4988021000 rw-p 00000000 00:00 0 
7f4988021000-7f498c000000 ---p 00000000 00:00 0 
7f498f8fb000-7f498f8fe000 ---p 00000000 00:00 0 
7f498f8fe000-7f498fa28000 rw-p 00000000 00:00 0                          [stack:21262]
7f498fa28000-7f498fbfc000 ---p 00000000 00:00 0 
7f498fbfc000-7f498fbff000 ---p 00000000 00:00 0 
7f498fbff000-7f498fcfd000 rw-p 00000000 00:00 0                          [stack:21261]
7f498fcfd000-7f498fd00000 ---p 00000000 00:00 0 
7f498fd00000-7f498fdfe000 rw-p 00000000 00:00 0                          [stack:21260]
7f498fdfe000-7f498fe01000 ---p 00000000 00:00 0 
7f498fe01000-7f498feff000 rw-p 00000000 00:00 0                          [stack:21259]
7f498feff000-7f498ff02000 ---p 00000000 00:00 0 
7f498ff02000-7f4990000000 rw-p 00000000 00:00 0                          [stack:21258]
7f4990000000-7f4990021000 rw-p 00000000 00:00 0 
7f4990021000-7f4994000000 ---p 00000000 00:00 0 
7f4994000000-7f4994021000 rw-p 00000000 00:00 0 
7f4994021000-7f4998000000 ---p 00000000 00:00 0 
7f4998000000-7f4998556000 rw-p 00000000 00:00 0 
7f4998556000-7f499c000000 ---p 00000000 00:00 0 
7f499c000000-7f499c021000 rw-p 00000000 00:00 0 
7f499c021000-7f49a0000000 ---p 00000000 00:00 0 
7f49a0000000-7f49a0021000 rw-p 00000000 00:00 0 
7f49a0021000-7f49a4000000 ---p 00000000 00:00 0 
7f49a4000000-7f49a45d3000 rw-p 00000000 00:00 0 
7f49a45d3000-7f49a8000000 ---p 00000000 00:00 0 
7f49a8000000-7f49a8021000 rw-p 00000000 00:00 0 
7f49a8021000-7f49ac000000 ---p 00000000 00:00 0 
7f49ac000000-7f49ac021000 rw-p 00000000 00:00 0 
7f49ac021000-7f49b0000000 ---p 00000000 00:00 0 
7f49b0000000-7f49b0021000 rw-p 00000000 00:00 0 
7f49b0021000-7f49b4000000 ---p 00000000 00:00 0 
7f49b4000000-7f49b428c000 rw-p 00000000 00:00 0 
7f49b428c000-7f49b8000000 ---p 00000000 00:00 0 
7f49b8000000-7f49b8021000 rw-p 00000000 00:00 0 
7f49b8021000-7f49bc000000 ---p 00000000 00:00 0 
7f49bc00a000-7f49bc20a000 rw-p 00000000 00:00 0 
7f49bc20a000-7f49bc21b000 r-xp 00000000 08:04 801297                     /usr/java/jdk1.8.0_65/jre/lib/amd64/libnio.so
7f49bc21b000-7f49bc41a000 ---p 00011000 08:04 801297                     /usr/java/jdk1.8.0_65/jre/lib/amd64/libnio.so
7f49bc41a000-7f49bc41b000 rw-p 00010000 08:04 801297                     /usr/java/jdk1.8.0_65/jre/lib/amd64/libnio.so
7f49bc41b000-7f49bc423000 r-xp 00000000 08:04 801256                     /usr/java/jdk1.8.0_65/jre/lib/amd64/libmanagement.so
7f49bc423000-7f49bc623000 ---p 00008000 08:04 801256                     /usr/java/jdk1.8.0_65/jre/lib/amd64/libmanagement.so
7f49bc623000-7f49bc624000 rw-p 00008000 08:04 801256                     /usr/java/jdk1.8.0_65/jre/lib/amd64/libmanagement.so
7f49bc624000-7f49bc824000 rw-p 00000000 00:00 0 
7f49bc824000-7f49bca24000 rw-p 00000000 00:00 0 
7f49bca24000-7f49bcc24000 rw-p 00000000 00:00 0 
7f49bcc24000-7f49bcc36000 r--s 00345000 08:04 801345                     /usr/java/jdk1.8.0_65/jre/lib/resources.jar
7f49bcc36000-7f49bce36000 rw-p 00000000 00:00 0 
7f49bce36000-7f49bce39000 r--s 0001a000 08:04 801232                     /usr/java/jdk1.8.0_65/jre/lib/jce.jar
7f49bce39000-7f49bce3e000 r--s 00096000 08:04 801318                     /usr/java/jdk1.8.0_65/jre/lib/jsse.jar
7f49bce3e000-7f49bce48000 r--s 00116000 08:04 801324                     /usr/java/jdk1.8.0_65/jre/lib/ext/localedata.jar
7f49bce48000-7f49bce4b000 ---p 00000000 00:00 0 
7f49bce4b000-7f49bcf49000 rw-p 00000000 00:00 0                          [stack:21236]
7f49bcf49000-7f49bcf5f000 r-xp 00000000 08:04 801270                     /usr/java/jdk1.8.0_65/jre/lib/amd64/libnet.so
7f49bcf5f000-7f49bd15f000 ---p 00016000 08:04 801270                     /usr/java/jdk1.8.0_65/jre/lib/amd64/libnet.so
7f49bd15f000-7f49bd160000 rw-p 00016000 08:04 801270                     /usr/java/jdk1.8.0_65/jre/lib/amd64/libnet.so
7f49bd160000-7f49bd162000 r--s 0000c000 08:04 1058275                    /home/snmpmint/eclipse/plugins/org.hamcrest.core_1.3.0.v201303031735.jar
7f49bd162000-7f49bd16a000 r--s 00045000 08:04 1454350                    /home/snmpmint/eclipse/plugins/org.junit_4.12.0.v201504281640/junit.jar
7f49bd16a000-7f49bd179000 r--s 000b0000 08:04 1065448                    /home/snmpworkspace/SupervisePlatformMVC/WebContent/WEB-INF/lib/spring-webmvc-4.1.4.RELEASE.jar
7f49bd179000-7f49bd189000 r--s 0009f000 08:04 1065447                    /home/snmpworkspace/SupervisePlatformMVC/WebContent/WEB-INF/lib/spring-web-4.1.4.RELEASE.jar
7f49bd189000-7f49bd190000 r--s 0003a000 08:04 1065446                    /home/snmpworkspace/SupervisePlatformMVC/WebContent/WEB-INF/lib/spring-tx-4.2.3.RELEASE.jar
7f49bd190000-7f49bd19c000 r--s 0006f000 08:04 1065445                    /home/snmpworkspace/SupervisePlatformMVC/WebContent/WEB-INF/lib/spring-test-4.1.9.RELEASE.jar
7f49bd19c000-7f49bd1a6000 r--s 00068000 08:04 1065444                    /home/snmpworkspace/SupervisePlatformMVC/WebContent/WEB-INF/lib/spring-orm-4.2.3.RELEASE.jar
7f49bd1a6000-7f49bd1b0000 r--s 0005e000 08:04 1065443                    /home/snmpworkspace/SupervisePlatformMVC/WebContent/WEB-INF/lib/spring-jdbc-4.2.3.RELEASE.jar
7f49bd1b0000-7f49bd1b5000 r--s 0003c000 08:04 1065442                    /home/snmpworkspace/SupervisePlatformMVC/WebContent/WEB-INF/lib/spring-expression-4.2.3.RELEASE.jar
7f49bd1b5000-7f49bd1ca000 r--s 000f2000 08:04 1065441                    /home/snmpworkspace/SupervisePlatformMVC/WebContent/WEB-INF/lib/spring-core-4.2.3.RELEASE.jar
7f49bd1ca000-7f49bd1ce000 r--s 00028000 08:04 1065440                    /home/snmpworkspace/SupervisePlatformMVC/WebContent/WEB-INF/lib/spring-context-support-4.1.9.RELEASE.jar
7f49bd1ce000-7f49bd1e6000 r--s 000f2000 08:04 1065439                    /home/snmpworkspace/SupervisePlatformMVC/WebContent/WEB-INF/lib/spring-context-4.2.3.RELEASE.jar
7f49bd1e6000-7f49bd1f4000 r--s 000a5000 08:04 1065438                    /home/snmpworkspace/SupervisePlatformMVC/WebContent/WEB-INF/lib/spring-beans-4.2.3.RELEASE.jar
7f49bd1f4000-7f49bd1fd000 r--s 00052000 08:04 1065437                    /home/snmpworkspace/SupervisePlatformMVC/WebContent/WEB-INF/lib/spring-aop-4.2.3.RELEASE.jar
7f49bd1fd000-7f49bd205000 r--s 000cf000 08:04 1065436                    /home/snmpworkspace/SupervisePlatformMVC/WebContent/WEB-INF/lib/mysql-connector-java-5.1.29.jar
7f49bd205000-7f49bd20e000 r--s 0006f000 08:04 1065434                    /home/snmpworkspace/SupervisePlatformMVC/WebContent/WEB-INF/lib/log4j-1.2.17.jar
7f49bd20e000-7f49bd218000 r--s 0005c000 08:04 1065433                    /home/snmpworkspace/SupervisePlatformMVC/WebContent/WEB-INF/lib/jstl-1.2.jar
7f49bd218000-7f49bd21a000 r--s 00005000 08:04 1065432                    /home/snmpworkspace/SupervisePlatformMVC/WebContent/WEB-INF/lib/jboss-transaction-api_1.1_spec-1.0.1.Final.jar
7f49bd21a000-7f49bd21c000 r--s 0000c000 08:04 1065431                    /home/snmpworkspace/SupervisePlatformMVC/WebContent/WEB-INF/lib/jboss-logging-3.1.3.GA.jar
7f49bd21c000-7f49bd226000 r--s 000a5000 08:04 1065430                    /home/snmpworkspace/SupervisePlatformMVC/WebContent/WEB-INF/lib/javassist-3.18.1-GA.jar
7f49bd226000-7f49bd237000 r--s 000f6000 08:04 1065429                    /home/snmpworkspace/SupervisePlatformMVC/WebContent/WEB-INF/lib/jackson-databind-2.4.4.jar
7f49bd237000-7f49bd23b000 r--s 00034000 08:04 1065428                    /home/snmpworkspace/SupervisePlatformMVC/WebContent/WEB-INF/lib/jackson-core-2.4.4.jar
7f49bd23b000-7f49bd23e000 r--s 00007000 08:04 1065427                    /home/snmpworkspace/SupervisePlatformMVC/WebContent/WEB-INF/lib/jackson-annotations-2.4.4.jar
7f49bd23e000-7f49bd243000 r--s 00017000 08:04 1061804                    /home/snmpworkspace/SupervisePlatformMVC/WebContent/WEB-INF/lib/hibernate-jpa-2.1-api-1.0.0.Final.jar
7f49bd243000-7f49bd2a0000 r--s 004a0000 08:04 1065426                    /home/snmpworkspace/SupervisePlatformMVC/WebContent/WEB-INF/lib/hibernate-core-4.3.5.Final.jar
7f49bd2a0000-7f49bd2a3000 r--s 00010000 08:04 1065425                    /home/snmpworkspace/SupervisePlatformMVC/WebContent/WEB-INF/lib/hibernate-commons-annotations-4.0.4.Final.jar
7f49bd2a3000-7f49bd2a8000 r--s 00048000 08:04 1065423                    /home/snmpworkspace/SupervisePlatformMVC/WebContent/WEB-INF/lib/dom4j-1.6.1.jar
7f49bd2a8000-7f49bd2aa000 r--s 0000e000 08:04 1065422                    /home/snmpworkspace/SupervisePlatformMVC/WebContent/WEB-INF/lib/commons-logging-1.2.jar
7f49bd2aa000-7f49bd2b8000 r--s 00080000 08:04 1065435                    /home/snmpworkspace/SupervisePlatformMVC/WebContent/WEB-INF/lib/mchange-commons-java-0.2.3.4.jar
7f49bd2b8000-7f49bd2bf000 r--s 00061000 08:04 1065421                    /home/snmpworkspace/SupervisePlatformMVC/WebContent/WEB-INF/lib/c3p0-0.9.2.1.jar
7f49bd2bf000-7f49bd2d8000 r--s 001ae000 08:04 1065419                    /home/snmpworkspace/SupervisePlatformMVC/WebContent/WEB-INF/lib/aspectjweaver-1.8.6.jar
7f49bd2d8000-7f49bd2da000 r--s 00000000 08:04 1065418                    /home/snmpworkspace/SupervisePlatformMVC/WebContent/WEB-INF/lib/aopalliance-1.0.jar
7f49bd2da000-7f49bd2df000 r--s 00068000 08:04 1065417                    /home/snmpworkspace/SupervisePlatformMVC/WebContent/WEB-INF/lib/antlr-2.7.7.jar
7f49bd2df000-7f49bd2ea000 r--s 000a3000 08:04 1326064                    /home/snmpmint/apache-tomcat-8.0.29/lib/tomcat-coyote.jar
7f49bd2ea000-7f49bd2f2000 r--s 00088000 08:04 1326060                    /home/snmpmint/apache-tomcat-8.0.29/lib/jasper.jar
7f49bd2f2000-7f49bd2f4000 r--s 00006000 08:04 1326070                    /home/snmpmint/apache-tomcat-8.0.29/lib/tomcat-jni.jar
7f49bd2f4000-7f49bd2f7000 r--s 0001b000 08:04 1326053                    /home/snmpmint/apache-tomcat-8.0.29/lib/catalina-ha.jar
7f49bd2f7000-7f49bd2f9000 r--s 00007000 08:04 1326074                    /home/snmpmint/apache-tomcat-8.0.29/lib/websocket-api.jar
7f49bd2f9000-7f49bd30c000 r--s 00168000 08:04 1326056                    /home/snmpmint/apache-tomcat-8.0.29/lib/catalina.jar
7f49bd30c000-7f49bd30d000 ---p 00000000 00:00 0 
7f49bd30d000-7f49bd40d000 rw-p 00000000 00:00 0                          [stack:21235]
7f49bd40d000-7f49bd410000 ---p 00000000 00:00 0 
7f49bd410000-7f49bd50e000 rw-p 00000000 00:00 0                          [stack:21234]
7f49bd50e000-7f49bd511000 ---p 00000000 00:00 0 
7f49bd511000-7f49bd60f000 rw-p 00000000 00:00 0                          [stack:21233]
7f49bd60f000-7f49bd612000 ---p 00000000 00:00 0 
7f49bd612000-7f49bd710000 rw-p 00000000 00:00 0                          [stack:21232]
7f49bd710000-7f49bd713000 ---p 00000000 00:00 0 
7f49bd713000-7f49bd811000 rw-p 00000000 00:00 0                          [stack:21231]
7f49bd811000-7f49bdc7d000 r--p 00000000 08:04 921569                     /usr/lib/locale/locale-archive
7f49bdc7d000-7f49bdc80000 ---p 00000000 00:00 0 
7f49bdc80000-7f49bdd7e000 rw-p 00000000 00:00 0                          [stack:21229]
7f49bdd7e000-7f49bdd81000 ---p 00000000 00:00 0 
7f49bdd81000-7f49bde7f000 rw-p 00000000 00:00 0                          [stack:21228]
7f49bde7f000-7f49bde80000 ---p 00000000 00:00 0 
7f49bde80000-7f49be788000 rw-p 00000000 00:00 0                          [stack:21227]
7f49be788000-7f49be960000 r--s 03d20000 08:04 801315                     /usr/java/jdk1.8.0_65/jre/lib/rt.jar
7f49be960000-7f49c1000000 rw-p 00000000 00:00 0 
7f49c1000000-7f49c1580000 rwxp 00000000 00:00 0 
7f49c1580000-7f49d0000000 ---p 00000000 00:00 0 
7f49d0000000-7f49d08c4000 rw-p 00000000 00:00 0 
7f49d08c4000-7f49d4000000 ---p 00000000 00:00 0 
7f49d4000000-7f49d4001000 rw-p 00000000 00:00 0 
7f49d4001000-7f49d4003000 r--s 00012000 08:04 1326058                    /home/snmpmint/apache-tomcat-8.0.29/lib/el-api.jar
7f49d4003000-7f49d4006000 r--s 0001f000 08:04 1326069                    /home/snmpmint/apache-tomcat-8.0.29/lib/tomcat-jdbc.jar
7f49d4006000-7f49d400b000 r--s 0003e000 08:04 1326055                    /home/snmpmint/apache-tomcat-8.0.29/lib/catalina-tribes.jar
7f49d400b000-7f49d400d000 r--s 00011000 08:04 1326054                    /home/snmpmint/apache-tomcat-8.0.29/lib/catalina-storeconfig.jar
7f49d400d000-7f49d400f000 r--s 00009000 08:04 1326068                    /home/snmpmint/apache-tomcat-8.0.29/lib/tomcat-i18n-ja.jar
7f49d400f000-7f49d4013000 r--s 00030000 08:04 1326073                    /home/snmpmint/apache-tomcat-8.0.29/lib/tomcat-websocket.jar
7f49d4013000-7f49d4015000 r--s 00003000 08:04 1326051                    /home/snmpmint/apache-tomcat-8.0.29/lib/annotations-api.jar
7f49d4015000-7f49d4017000 r--s 00001000 08:04 1326063                    /home/snmpmint/apache-tomcat-8.0.29/lib/tomcat-api.jar
7f49d4017000-7f49d401b000 r--s 00038000 08:04 1326062                    /home/snmpmint/apache-tomcat-8.0.29/lib/servlet-api.jar
7f49d401b000-7f49d401d000 r--s 0000b000 08:04 1326052                    /home/snmpmint/apache-tomcat-8.0.29/lib/catalina-ant.jar
7f49d401d000-7f49d402f000 r--s 00223000 08:04 1326057                    /home/snmpmint/apache-tomcat-8.0.29/lib/ecj-4.4.2.jar
7f49d402f000-7f49d4032000 r--s 00025000 08:04 1326059                    /home/snmpmint/apache-tomcat-8.0.29/lib/jasper-el.jar
7f49d4032000-7f49d4035000 r--s 0000e000 08:04 1326066                    /home/snmpmint/apache-tomcat-8.0.29/lib/tomcat-i18n-es.jar
7f49d4035000-7f49d4038000 r--s 00017000 08:04 1326072                    /home/snmpmint/apache-tomcat-8.0.29/lib/tomcat-util.jar
7f49d4038000-7f49d403b000 r--s 00008000 08:04 1326067                    /home/snmpmint/apache-tomcat-8.0.29/lib/tomcat-i18n-fr.jar
7f49d403b000-7f49d403f000 r--s 00038000 08:04 1326065                    /home/snmpmint/apache-tomcat-8.0.29/lib/tomcat-dbcp.jar
7f49d403f000-7f49d4403000 rw-p 00000000 00:00 0 
7f49d4403000-7f49d4404000 ---p 00000000 00:00 0 
7f49d4404000-7f49d4504000 rw-p 00000000 00:00 0                          [stack:21226]
7f49d4504000-7f49d4505000 ---p 00000000 00:00 0 
7f49d4505000-7f49d461a000 rw-p 00000000 00:00 0                          [stack:21225]
7f49d461a000-7f49d474c000 ---p 00000000 00:00 0 
7f49d474c000-7f49d4761000 rw-p 00000000 00:00 0 
7f49d4761000-7f49d4892000 ---p 00000000 00:00 0 
7f49d4892000-7f49d48b5000 rw-p 00000000 00:00 0 
7f49d48b5000-7f49d4936000 ---p 00000000 00:00 0 
7f49d4936000-7f49d494d000 rw-p 00000000 00:00 0 
7f49d494d000-7f49d4cf7000 ---p 00000000 00:00 0 
7f49d4cf7000-7f49d4d11000 r-xp 00000000 08:04 801265                     /usr/java/jdk1.8.0_65/jre/lib/amd64/libzip.so
7f49d4d11000-7f49d4f11000 ---p 0001a000 08:04 801265                     /usr/java/jdk1.8.0_65/jre/lib/amd64/libzip.so
7f49d4f11000-7f49d4f12000 rw-p 0001a000 08:04 801265                     /usr/java/jdk1.8.0_65/jre/lib/amd64/libzip.so
7f49d4f12000-7f49d4f1d000 r-xp 00000000 08:04 658817                     /lib/x86_64-linux-gnu/libnss_files-2.19.so
7f49d4f1d000-7f49d511c000 ---p 0000b000 08:04 658817                     /lib/x86_64-linux-gnu/libnss_files-2.19.so
7f49d511c000-7f49d511d000 r--p 0000a000 08:04 658817                     /lib/x86_64-linux-gnu/libnss_files-2.19.so
7f49d511d000-7f49d511e000 rw-p 0000b000 08:04 658817                     /lib/x86_64-linux-gnu/libnss_files-2.19.so
7f49d511e000-7f49d5129000 r-xp 00000000 08:04 658827                     /lib/x86_64-linux-gnu/libnss_nis-2.19.so
7f49d5129000-7f49d5328000 ---p 0000b000 08:04 658827                     /lib/x86_64-linux-gnu/libnss_nis-2.19.so
7f49d5328000-7f49d5329000 r--p 0000a000 08:04 658827                     /lib/x86_64-linux-gnu/libnss_nis-2.19.so
7f49d5329000-7f49d532a000 rw-p 0000b000 08:04 658827                     /lib/x86_64-linux-gnu/libnss_nis-2.19.so
7f49d532a000-7f49d5341000 r-xp 00000000 08:04 658811                     /lib/x86_64-linux-gnu/libnsl-2.19.so
7f49d5341000-7f49d5540000 ---p 00017000 08:04 658811                     /lib/x86_64-linux-gnu/libnsl-2.19.so
7f49d5540000-7f49d5541000 r--p 00016000 08:04 658811                     /lib/x86_64-linux-gnu/libnsl-2.19.so
7f49d5541000-7f49d5542000 rw-p 00017000 08:04 658811                     /lib/x86_64-linux-gnu/libnsl-2.19.so
7f49d5542000-7f49d5544000 rw-p 00000000 00:00 0 
7f49d5544000-7f49d554d000 r-xp 00000000 08:04 658813                     /lib/x86_64-linux-gnu/libnss_compat-2.19.so
7f49d554d000-7f49d574c000 ---p 00009000 08:04 658813                     /lib/x86_64-linux-gnu/libnss_compat-2.19.so
7f49d574c000-7f49d574d000 r--p 00008000 08:04 658813                     /lib/x86_64-linux-gnu/libnss_compat-2.19.so
7f49d574d000-7f49d574e000 rw-p 00009000 08:04 658813                     /lib/x86_64-linux-gnu/libnss_compat-2.19.so
7f49d574e000-7f49d5778000 r-xp 00000000 08:04 801243                     /usr/java/jdk1.8.0_65/jre/lib/amd64/libjava.so
7f49d5778000-7f49d5978000 ---p 0002a000 08:04 801243                     /usr/java/jdk1.8.0_65/jre/lib/amd64/libjava.so
7f49d5978000-7f49d597a000 rw-p 0002a000 08:04 801243                     /usr/java/jdk1.8.0_65/jre/lib/amd64/libjava.so
7f49d597a000-7f49d5987000 r-xp 00000000 08:04 801259                     /usr/java/jdk1.8.0_65/jre/lib/amd64/libverify.so
7f49d5987000-7f49d5b87000 ---p 0000d000 08:04 801259                     /usr/java/jdk1.8.0_65/jre/lib/amd64/libverify.so
7f49d5b87000-7f49d5b89000 rw-p 0000d000 08:04 801259                     /usr/java/jdk1.8.0_65/jre/lib/amd64/libverify.so
7f49d5b89000-7f49d5b90000 r-xp 00000000 08:04 658870                     /lib/x86_64-linux-gnu/librt-2.19.so
7f49d5b90000-7f49d5d8f000 ---p 00007000 08:04 658870                     /lib/x86_64-linux-gnu/librt-2.19.so
7f49d5d8f000-7f49d5d90000 r--p 00006000 08:04 658870                     /lib/x86_64-linux-gnu/librt-2.19.so
7f49d5d90000-7f49d5d91000 rw-p 00007000 08:04 658870                     /lib/x86_64-linux-gnu/librt-2.19.so
7f49d5d91000-7f49d5e96000 r-xp 00000000 08:04 658792                     /lib/x86_64-linux-gnu/libm-2.19.so
7f49d5e96000-7f49d6095000 ---p 00105000 08:04 658792                     /lib/x86_64-linux-gnu/libm-2.19.so
7f49d6095000-7f49d6096000 r--p 00104000 08:04 658792                     /lib/x86_64-linux-gnu/libm-2.19.so
7f49d6096000-7f49d6097000 rw-p 00105000 08:04 658792                     /lib/x86_64-linux-gnu/libm-2.19.so
7f49d6097000-7f49d6d55000 r-xp 00000000 08:04 801281                     /usr/java/jdk1.8.0_65/jre/lib/amd64/server/libjvm.so
7f49d6d55000-7f49d6f54000 ---p 00cbe000 08:04 801281                     /usr/java/jdk1.8.0_65/jre/lib/amd64/server/libjvm.so
7f49d6f54000-7f49d702c000 rw-p 00cbd000 08:04 801281                     /usr/java/jdk1.8.0_65/jre/lib/amd64/server/libjvm.so
7f49d702c000-7f49d7071000 rw-p 00000000 00:00 0 
7f49d7071000-7f49d722c000 r-xp 00000000 08:04 658741                     /lib/x86_64-linux-gnu/libc-2.19.so
7f49d722c000-7f49d742b000 ---p 001bb000 08:04 658741                     /lib/x86_64-linux-gnu/libc-2.19.so
7f49d742b000-7f49d742f000 r--p 001ba000 08:04 658741                     /lib/x86_64-linux-gnu/libc-2.19.so
7f49d742f000-7f49d7431000 rw-p 001be000 08:04 658741                     /lib/x86_64-linux-gnu/libc-2.19.so
7f49d7431000-7f49d7436000 rw-p 00000000 00:00 0 
7f49d7436000-7f49d7439000 r-xp 00000000 08:04 658758                     /lib/x86_64-linux-gnu/libdl-2.19.so
7f49d7439000-7f49d7638000 ---p 00003000 08:04 658758                     /lib/x86_64-linux-gnu/libdl-2.19.so
7f49d7638000-7f49d7639000 r--p 00002000 08:04 658758                     /lib/x86_64-linux-gnu/libdl-2.19.so
7f49d7639000-7f49d763a000 rw-p 00003000 08:04 658758                     /lib/x86_64-linux-gnu/libdl-2.19.so
7f49d763a000-7f49d764f000 r-xp 00000000 08:04 800326                     /usr/java/jdk1.8.0_65/lib/amd64/jli/libjli.so
7f49d764f000-7f49d784f000 ---p 00015000 08:04 800326                     /usr/java/jdk1.8.0_65/lib/amd64/jli/libjli.so
7f49d784f000-7f49d7850000 rw-p 00015000 08:04 800326                     /usr/java/jdk1.8.0_65/lib/amd64/jli/libjli.so
7f49d7850000-7f49d7869000 r-xp 00000000 08:04 658862                     /lib/x86_64-linux-gnu/libpthread-2.19.so
7f49d7869000-7f49d7a68000 ---p 00019000 08:04 658862                     /lib/x86_64-linux-gnu/libpthread-2.19.so
7f49d7a68000-7f49d7a69000 r--p 00018000 08:04 658862                     /lib/x86_64-linux-gnu/libpthread-2.19.so
7f49d7a69000-7f49d7a6a000 rw-p 00019000 08:04 658862                     /lib/x86_64-linux-gnu/libpthread-2.19.so
7f49d7a6a000-7f49d7a6e000 rw-p 00000000 00:00 0 
7f49d7a6e000-7f49d7a91000 r-xp 00000000 08:04 658715                     /lib/x86_64-linux-gnu/ld-2.19.so
7f49d7a91000-7f49d7a93000 r--s 0000d000 08:04 1326061                    /home/snmpmint/apache-tomcat-8.0.29/lib/jsp-api.jar
7f49d7a93000-7f49d7a98000 r--s 0002d000 08:04 1326071                    /home/snmpmint/apache-tomcat-8.0.29/lib/tomcat-util-scan.jar
7f49d7a98000-7f49d7b6a000 rw-p 00000000 00:00 0 
7f49d7b6a000-7f49d7b6d000 ---p 00000000 00:00 0 
7f49d7b6d000-7f49d7c6f000 rw-p 00000000 00:00 0                          [stack:21224]
7f49d7c6f000-7f49d7c70000 r--s 00009000 08:04 1065424                    /home/snmpworkspace/SupervisePlatformMVC/WebContent/WEB-INF/lib/hibernate-c3p0-4.3.5.Final.jar
7f49d7c70000-7f49d7c84000 rw-p 00000000 00:00 0 
7f49d7c84000-7f49d7c8c000 rw-s 00000000 08:04 1195916                    /tmp/hsperfdata_yanko/21215
7f49d7c8c000-7f49d7c8d000 rw-p 00000000 00:00 0 
7f49d7c8d000-7f49d7c8e000 ---p 00000000 00:00 0 
7f49d7c8e000-7f49d7c90000 rw-p 00000000 00:00 0 
7f49d7c90000-7f49d7c91000 r--p 00022000 08:04 658715                     /lib/x86_64-linux-gnu/ld-2.19.so
7f49d7c91000-7f49d7c92000 rw-p 00023000 08:04 658715                     /lib/x86_64-linux-gnu/ld-2.19.so
7f49d7c92000-7f49d7c93000 rw-p 00000000 00:00 0 
7ffcd66f1000-7ffcd6713000 rw-p 00000000 00:00 0                          [stack]
7ffcd67e1000-7ffcd67e3000 r--p 00000000 00:00 0                          [vvar]
7ffcd67e3000-7ffcd67e5000 r-xp 00000000 00:00 0                          [vdso]
ffffffffff600000-ffffffffff601000 r-xp 00000000 00:00 0                  [vsyscall]

VM Arguments:
jvm_args: -Dfile.encoding=UTF-8 
java_command: org.eclipse.jdt.internal.junit.runner.RemoteTestRunner -version 3 -port 47751 -testLoaderClass org.eclipse.jdt.internal.junit4.runner.JUnit4TestLoader -loaderpluginname org.eclipse.jdt.junit4.runtime -test com.snmp.test.TestDataTable:logging
java_class_path (initial): /home/snmpworkspace/SupervisePlatformMVC/build/classes:/home/snmpmint/apache-tomcat-8.0.29/lib/tomcat-util-scan.jar:/home/snmpmint/apache-tomcat-8.0.29/lib/tomcat-dbcp.jar:/home/snmpmint/apache-tomcat-8.0.29/lib/jsp-api.jar:/home/snmpmint/apache-tomcat-8.0.29/lib/tomcat-i18n-fr.jar:/home/snmpmint/apache-tomcat-8.0.29/lib/tomcat-util.jar:/home/snmpmint/apache-tomcat-8.0.29/lib/tomcat-i18n-es.jar:/home/snmpmint/apache-tomcat-8.0.29/lib/jasper-el.jar:/home/snmpmint/apache-tomcat-8.0.29/lib/ecj-4.4.2.jar:/home/snmpmint/apache-tomcat-8.0.29/lib/catalina-ant.jar:/home/snmpmint/apache-tomcat-8.0.29/lib/servlet-api.jar:/home/snmpmint/apache-tomcat-8.0.29/lib/tomcat-api.jar:/home/snmpmint/apache-tomcat-8.0.29/lib/annotations-api.jar:/home/snmpmint/apache-tomcat-8.0.29/lib/tomcat-websocket.jar:/home/snmpmint/apache-tomcat-8.0.29/lib/catalina.jar:/home/snmpmint/apache-tomcat-8.0.29/lib/tomcat-i18n-ja.jar:/home/snmpmint/apache-tomcat-8.0.29/lib/catalina-storeconfig.jar:/home/snmpmint/apache-tomcat-8.0.29/lib/catalina-tribes.jar:/home/snmpmint/apache-tomcat-8.0.29/lib/tomcat-jdbc.jar:/home/snmpmint/apache-tomcat-8.0.29/lib/el-api.jar:/home/snmpmint/apache-tomcat-8.0.29/lib/websocket-api.jar:/home/snmpmint/apache-tomcat-8.0.29/lib/catalina-ha.jar:/home/snmpmint/apache-tomcat-8.0.29/lib/tomcat-jni.jar:/home/snmpmint/apache-tomcat-8.0.29/lib/jasper.jar:/home/snmpmint/apache-tomcat-8.0.29/lib/tomcat-coyote.jar:/home/snmpworkspace/SupervisePlatformMVC/WebContent/WEB-INF/lib/antlr-2.7.7.jar:/home/snmpworkspace/SupervisePlatformMVC/WebContent/WEB-INF/lib/aopalliance-1.0.jar:/home/snmpworkspace/SupervisePlatformMVC/WebContent/WEB-INF/lib/aspectjweaver-1.8.6.jar:/home/snmpworkspace/SupervisePlatformMVC/WebContent/WEB-INF/lib/c3p0-0.9.2.1.jar:/home/snmpworkspace/SupervisePlatformMVC/WebContent/WEB-INF/lib/commons-logging-1.2.jar:/home/snmpworkspace/SupervisePlatformMVC/WebContent/WEB-INF/lib/dom4j-1.6.1.jar:/home/snmpworkspace/SupervisePlatformMVC/WebContent/W
Launcher Type: SUN_STANDARD

Environment Variables:
JAVA_HOME=/usr/java/jdk1.8.0_65
CLASSPATH=/usr/java/jdk1.8.0_65/jre/lib/ext:/usr/java/jdk1.8.0_65/lib/tools.jar
PATH=/usr/java/jdk1.8.0_65/bin:/home/snmpmint/apache-maven-3.3.9/bin:/usr/local/sbin:/usr/local/bin:/usr/sbin:/usr/bin:/sbin:/bin:/usr/games:/usr/local/games
USERNAME=yanko
SHELL=/bin/bash
DISPLAY=:0.0

Signal Handlers:
SIGSEGV: [libjvm.so+0xaba070], sa_mask[0]=11111111011111111101111111111110, sa_flags=SA_RESTART|SA_SIGINFO
SIGBUS: [libjvm.so+0xaba070], sa_mask[0]=11111111011111111101111111111110, sa_flags=SA_RESTART|SA_SIGINFO
SIGFPE: [libjvm.so+0x917630], sa_mask[0]=11111111011111111101111111111110, sa_flags=SA_RESTART|SA_SIGINFO
SIGPIPE: [libjvm.so+0x917630], sa_mask[0]=11111111011111111101111111111110, sa_flags=SA_RESTART|SA_SIGINFO
SIGXFSZ: [libjvm.so+0x917630], sa_mask[0]=11111111011111111101111111111110, sa_flags=SA_RESTART|SA_SIGINFO
SIGILL: [libjvm.so+0x917630], sa_mask[0]=11111111011111111101111111111110, sa_flags=SA_RESTART|SA_SIGINFO
SIGUSR1: SIG_DFL, sa_mask[0]=00000000000000000000000000000000, sa_flags=none
SIGUSR2: [libjvm.so+0x918c60], sa_mask[0]=00100000000000000000000000000000, sa_flags=SA_RESTART|SA_SIGINFO
SIGHUP: [libjvm.so+0x91a060], sa_mask[0]=11111111011111111101111111111110, sa_flags=SA_RESTART|SA_SIGINFO
SIGINT: [libjvm.so+0x91a060], sa_mask[0]=11111111011111111101111111111110, sa_flags=SA_RESTART|SA_SIGINFO
SIGTERM: [libjvm.so+0x91a060], sa_mask[0]=11111111011111111101111111111110, sa_flags=SA_RESTART|SA_SIGINFO
SIGQUIT: [libjvm.so+0x91a060], sa_mask[0]=11111111011111111101111111111110, sa_flags=SA_RESTART|SA_SIGINFO


---------------  S Y S T E M  ---------------

OS:DISTRIB_ID=LinuxMint
DISTRIB_RELEASE=17.3
DISTRIB_CODENAME=rosa
DISTRIB_DESCRIPTION="Linux Mint 17.3 Rosa"

uname:Linux 3.19.0-32-generic #37~14.04.1-Ubuntu SMP Thu Oct 22 09:41:40 UTC 2015 x86_64
libc:glibc 2.19 NPTL 2.19 
rlimit: STACK 8192k, CORE 0k, NPROC 15545, NOFILE 4096, AS infinity
load average:2.02 1.11 1.09

/proc/meminfo:
MemTotal:        4011660 kB
MemFree:          131892 kB
MemAvailable:      78300 kB
Buffers:             980 kB
Cached:            37568 kB
SwapCached:          904 kB
Active:          2933656 kB
Inactive:         766480 kB
Active(anon):    2919120 kB
Inactive(anon):   751012 kB
Active(file):      14536 kB
Inactive(file):    15468 kB
Unevictable:          24 kB
Mlocked:              24 kB
SwapTotal:       1999868 kB
SwapFree:              0 kB
Dirty:               104 kB
Writeback:            16 kB
AnonPages:       3661504 kB
Mapped:            24380 kB
Shmem:              8408 kB
Slab:              68276 kB
SReclaimable:      31744 kB
SUnreclaim:        36532 kB
KernelStack:       15744 kB
PageTables:        46424 kB
NFS_Unstable:          0 kB
Bounce:                0 kB
WritebackTmp:          0 kB
CommitLimit:     4005696 kB
Committed_AS:    8877360 kB
VmallocTotal:   34359738367 kB
VmallocUsed:      302548 kB
VmallocChunk:   34359401568 kB
HardwareCorrupted:     0 kB
AnonHugePages:   1515520 kB
CmaTotal:              0 kB
CmaFree:               0 kB
HugePages_Total:       0
HugePages_Free:        0
HugePages_Rsvd:        0
HugePages_Surp:        0
Hugepagesize:       2048 kB
DirectMap4k:      152560 kB
DirectMap2M:     4005888 kB


CPU:total 2 (2 cores per cpu, 1 threads per core) family 6 model 23 stepping 10, cmov, cx8, fxsr, mmx, sse, sse2, sse3, ssse3, sse4.1, tsc

/proc/cpuinfo:
processor	: 0
vendor_id	: GenuineIntel
cpu family	: 6
model		: 23
model name	: Intel(R) Core(TM)2 Duo CPU     T6600  @ 2.20GHz
stepping	: 10
microcode	: 0xa07
cpu MHz		: 2200.000
cache size	: 2048 KB
physical id	: 0
siblings	: 2
core id		: 0
cpu cores	: 2
apicid		: 0
initial apicid	: 0
fpu		: yes
fpu_exception	: yes
cpuid level	: 13
wp		: yes
flags		: fpu vme de pse tsc msr pae mce cx8 apic sep mtrr pge mca cmov pat pse36 clflush dts acpi mmx fxsr sse sse2 ss ht tm pbe syscall nx lm constant_tsc arch_perfmon pebs bts rep_good nopl aperfmperf pni dtes64 monitor ds_cpl est tm2 ssse3 cx16 xtpr pdcm sse4_1 xsave lahf_lm dtherm
bugs		:
bogomips	: 4388.74
clflush size	: 64
cache_alignment	: 64
address sizes	: 36 bits physical, 48 bits virtual
power management:

processor	: 1
vendor_id	: GenuineIntel
cpu family	: 6
model		: 23
model name	: Intel(R) Core(TM)2 Duo CPU     T6600  @ 2.20GHz
stepping	: 10
microcode	: 0xa07
cpu MHz		: 2200.000
cache size	: 2048 KB
physical id	: 0
siblings	: 2
core id		: 1
cpu cores	: 2
apicid		: 1
initial apicid	: 1
fpu		: yes
fpu_exception	: yes
cpuid level	: 13
wp		: yes
flags		: fpu vme de pse tsc msr pae mce cx8 apic sep mtrr pge mca cmov pat pse36 clflush dts acpi mmx fxsr sse sse2 ss ht tm pbe syscall nx lm constant_tsc arch_perfmon pebs bts rep_good nopl aperfmperf pni dtes64 monitor ds_cpl est tm2 ssse3 cx16 xtpr pdcm sse4_1 xsave lahf_lm dtherm
bugs		:
bogomips	: 4388.74
clflush size	: 64
cache_alignment	: 64
address sizes	: 36 bits physical, 48 bits virtual
power management:



Memory: 4k page, physical 4011660k(131892k free), swap 1999868k(0k free)

vm_info: Java HotSpot(TM) 64-Bit Server VM (25.65-b01) for linux-amd64 JRE (1.8.0_65-b17), built on Oct  6 2015 17:16:12 by "java_re" with gcc 4.3.0 20080428 (Red Hat 4.3.0-8)

time: Wed May  4 10:19:29 2016
elapsed time: 9 seconds (0d 0h 0m 9s)

